This is pdfTeX, Version 3.141592653-2.6-1.40.24 (TeX Live 2022) (preloaded format=pdflatex 2023.3.16)  29 SEP 2024 10:53
entering extended mode
 restricted \write18 enabled.
 file:line:error style messages enabled.
 %&-line parsing enabled.
**/Users/patrykkozlowski/harvard/classes/fall_2024/apmth205/hw2/hw2
(/Users/patrykkozlowski/harvard/classes/fall_2024/apmth205/hw2/hw2.tex
LaTeX2e <2021-11-15> patch level 1
L3 programming layer <2022-02-24> (/usr/local/texlive/2022/texmf-dist/tex/latex/base/article.cls
Document Class: article 2021/10/04 v1.4n Standard LaTeX document class
(/usr/local/texlive/2022/texmf-dist/tex/latex/base/size10.clo
File: size10.clo 2021/10/04 v1.4n Standard LaTeX file (size option)
)
\c@part=\count185
\c@section=\count186
\c@subsection=\count187
\c@subsubsection=\count188
\c@paragraph=\count189
\c@subparagraph=\count190
\c@figure=\count191
\c@table=\count192
\abovecaptionskip=\skip47
\belowcaptionskip=\skip48
\bibindent=\dimen138
) (/usr/local/texlive/2022/texmf-dist/tex/latex/base/inputenc.sty
Package: inputenc 2021/02/14 v1.3d Input encoding file
\inpenc@prehook=\toks16
\inpenc@posthook=\toks17
) (/usr/local/texlive/2022/texmf-dist/tex/latex/base/fontenc.sty
Package: fontenc 2021/04/29 v2.0v Standard LaTeX package
) (/usr/local/texlive/2022/texmf-dist/tex/latex/amsmath/amsmath.sty
Package: amsmath 2021/10/15 v2.17l AMS math features
\@mathmargin=\skip49

For additional information on amsmath, use the `?' option.
(/usr/local/texlive/2022/texmf-dist/tex/latex/amsmath/amstext.sty
Package: amstext 2021/08/26 v2.01 AMS text
 (/usr/local/texlive/2022/texmf-dist/tex/latex/amsmath/amsgen.sty
File: amsgen.sty 1999/11/30 v2.0 generic functions
\@emptytoks=\toks18
\ex@=\dimen139
)) (/usr/local/texlive/2022/texmf-dist/tex/latex/amsmath/amsbsy.sty
Package: amsbsy 1999/11/29 v1.2d Bold Symbols
\pmbraise@=\dimen140
) (/usr/local/texlive/2022/texmf-dist/tex/latex/amsmath/amsopn.sty
Package: amsopn 2021/08/26 v2.02 operator names
)
\inf@bad=\count193
LaTeX Info: Redefining \frac on input line 234.
\uproot@=\count194
\leftroot@=\count195
LaTeX Info: Redefining \overline on input line 399.
\classnum@=\count196
\DOTSCASE@=\count197
LaTeX Info: Redefining \ldots on input line 496.
LaTeX Info: Redefining \dots on input line 499.
LaTeX Info: Redefining \cdots on input line 620.
\Mathstrutbox@=\box50
\strutbox@=\box51
\big@size=\dimen141
LaTeX Font Info:    Redeclaring font encoding OML on input line 743.
LaTeX Font Info:    Redeclaring font encoding OMS on input line 744.
\macc@depth=\count198
\c@MaxMatrixCols=\count199
\dotsspace@=\muskip16
\c@parentequation=\count266
\dspbrk@lvl=\count267
\tag@help=\toks19
\row@=\count268
\column@=\count269
\maxfields@=\count270
\andhelp@=\toks20
\eqnshift@=\dimen142
\alignsep@=\dimen143
\tagshift@=\dimen144
\tagwidth@=\dimen145
\totwidth@=\dimen146
\lineht@=\dimen147
\@envbody=\toks21
\multlinegap=\skip50
\multlinetaggap=\skip51
\mathdisplay@stack=\toks22
LaTeX Info: Redefining \[ on input line 2938.
LaTeX Info: Redefining \] on input line 2939.
) (/usr/local/texlive/2022/texmf-dist/tex/latex/amsfonts/amsfonts.sty
Package: amsfonts 2013/01/14 v3.01 Basic AMSFonts support
\symAMSa=\mathgroup4
\symAMSb=\mathgroup5
LaTeX Font Info:    Redeclaring math symbol \hbar on input line 98.
LaTeX Font Info:    Overwriting math alphabet `\mathfrak' in version `bold'
(Font)                  U/euf/m/n --> U/euf/b/n on input line 106.
) (/usr/local/texlive/2022/texmf-dist/tex/latex/amsfonts/amssymb.sty
Package: amssymb 2013/01/14 v3.01 AMS font symbols
) (/usr/local/texlive/2022/texmf-dist/tex/latex/mhchem/mhchem.sty
Package: mhchem 2021/12/31 v4.09 for typesetting chemical formulae
 (/usr/local/texlive/2022/texmf-dist/tex/latex/l3kernel/expl3.sty
Package: expl3 2022-02-24 L3 programming layer (loader) 
 (/usr/local/texlive/2022/texmf-dist/tex/latex/l3backend/l3backend-pdftex.def
File: l3backend-pdftex.def 2022-02-07 L3 backend support: PDF output (pdfTeX)
\l__color_backend_stack_int=\count271
\l__pdf_internal_box=\box52
)) (/usr/local/texlive/2022/texmf-dist/tex/latex/l3packages/l3keys2e/l3keys2e.sty
Package: l3keys2e 2022-01-12 LaTeX2e option processing using LaTeX3 keys
) (/usr/local/texlive/2022/texmf-dist/tex/latex/tools/calc.sty
Package: calc 2017/05/25 v4.3 Infix arithmetic (KKT,FJ)
\calc@Acount=\count272
\calc@Bcount=\count273
\calc@Adimen=\dimen148
\calc@Bdimen=\dimen149
\calc@Askip=\skip52
\calc@Bskip=\skip53
LaTeX Info: Redefining \setlength on input line 80.
LaTeX Info: Redefining \addtolength on input line 81.
\calc@Ccount=\count274
\calc@Cskip=\skip54
) (/usr/local/texlive/2022/texmf-dist/tex/latex/chemgreek/chemgreek.sty (/usr/local/texlive/2022/texmf-dist/tex/latex/l3packages/xparse/xparse.sty
Package: xparse 2022-01-12 L3 Experimental document command parser
)
Package: chemgreek 2020/01/16 v1.1a interface for upright Greek letters for use in chemistry (CN)
\l__chemgreek_tmpa_int=\count275
\g__chemgreek_tmpa_int=\count276
) (/usr/local/texlive/2022/texmf-dist/tex/latex/graphics/graphics.sty
Package: graphics 2021/03/04 v1.4d Standard LaTeX Graphics (DPC,SPQR)
 (/usr/local/texlive/2022/texmf-dist/tex/latex/graphics/trig.sty
Package: trig 2021/08/11 v1.11 sin cos tan (DPC)
) (/usr/local/texlive/2022/texmf-dist/tex/latex/graphics-cfg/graphics.cfg
File: graphics.cfg 2016/06/04 v1.11 sample graphics configuration
)
Package graphics Info: Driver file: pdftex.def on input line 107.
 (/usr/local/texlive/2022/texmf-dist/tex/latex/graphics-def/pdftex.def
File: pdftex.def 2020/10/05 v1.2a Graphics/color driver for pdftex
))
\l__mhchem_ce_distanceFromLastComma_int=\count277
\__mhchem_arrow_extPgfLength_skip=\skip55
\mhchem@minispace@tmp=\skip56
\mhchem@minibackspace@tmp=\skip57
\mhchem@bondwidth=\skip58
\mhchem@bondheight=\skip59
\mhchem@smallbondwidth@tmpA=\skip60
\mhchem@smallbondwidth@tmpB=\skip61
\mhchem@smallbondwidth=\skip62
\mhchem@bondtmp@minussidebearingleft=\skip63
\mhchem@bondtmp@minussidebearingright=\skip64
\l__mhchem_option_version_int=\count278
\mhchem@option@minusmathsidebearingleft=\dimen150
\mhchem@option@minusmathsidebearingright=\dimen151
\mhchem@option@minustextsidebearingleft=\dimen152
\mhchem@option@minustextsidebearingright=\dimen153
) (/usr/local/texlive/2022/texmf-dist/tex/latex/stmaryrd/stmaryrd.sty
Package: stmaryrd 1994/03/03 St Mary's Road symbol package
\symstmry=\mathgroup6
LaTeX Font Info:    Overwriting symbol font `stmry' in version `bold'
(Font)                  U/stmry/m/n --> U/stmry/b/n on input line 89.
) (/usr/local/texlive/2022/texmf-dist/tex/latex/graphics/graphicx.sty
Package: graphicx 2021/09/16 v1.2d Enhanced LaTeX Graphics (DPC,SPQR)
 (/usr/local/texlive/2022/texmf-dist/tex/latex/graphics/keyval.sty
Package: keyval 2014/10/28 v1.15 key=value parser (DPC)
\KV@toks@=\toks23
)
\Gin@req@height=\dimen154
\Gin@req@width=\dimen155
) (/usr/local/texlive/2022/texmf-dist/tex/latex/pdfpages/pdfpages.sty
Package: pdfpages 2022/01/29 v0.5u Insert pages of external PDF documents (AM)
 (/usr/local/texlive/2022/texmf-dist/tex/latex/base/ifthen.sty
Package: ifthen 2020/11/24 v1.1c Standard LaTeX ifthen package (DPC)
) (/usr/local/texlive/2022/texmf-dist/tex/latex/eso-pic/eso-pic.sty
Package: eso-pic 2020/10/14 v3.0a eso-pic (RN)
\ESO@tempdima=\dimen156
\ESO@tempdimb=\dimen157
 (/usr/local/texlive/2022/texmf-dist/tex/latex/xcolor/xcolor.sty
Package: xcolor 2021/10/31 v2.13 LaTeX color extensions (UK)
 (/usr/local/texlive/2022/texmf-dist/tex/latex/graphics-cfg/color.cfg
File: color.cfg 2016/01/02 v1.6 sample color configuration
)
Package xcolor Info: Driver file: pdftex.def on input line 227.
Package xcolor Info: Model `cmy' substituted by `cmy0' on input line 1352.
Package xcolor Info: Model `hsb' substituted by `rgb' on input line 1356.
Package xcolor Info: Model `RGB' extended on input line 1368.
Package xcolor Info: Model `HTML' substituted by `rgb' on input line 1370.
Package xcolor Info: Model `Hsb' substituted by `hsb' on input line 1371.
Package xcolor Info: Model `tHsb' substituted by `hsb' on input line 1372.
Package xcolor Info: Model `HSB' substituted by `hsb' on input line 1373.
Package xcolor Info: Model `Gray' substituted by `gray' on input line 1374.
Package xcolor Info: Model `wave' substituted by `hsb' on input line 1375.
))
\AM@pagewidth=\dimen158
\AM@pageheight=\dimen159
\AM@fboxrule=\dimen160
 (/usr/local/texlive/2022/texmf-dist/tex/latex/pdfpages/pppdftex.def
File: pppdftex.def 2022/01/29 v0.5u Pdfpages driver for pdfTeX (AM)
)
\pdfpages@includegraphics@status=\count279
\AM@pagebox=\box53
\AM@global@opts=\toks24
\AM@pagecnt=\count280
\AM@toc@title=\toks25
\c@AM@survey=\count281
\AM@templatesizebox=\box54
) (./hw2.aux)
\openout1 = `hw2.aux'.

LaTeX Font Info:    Checking defaults for OML/cmm/m/it on input line 20.
LaTeX Font Info:    ... okay on input line 20.
LaTeX Font Info:    Checking defaults for OMS/cmsy/m/n on input line 20.
LaTeX Font Info:    ... okay on input line 20.
LaTeX Font Info:    Checking defaults for OT1/cmr/m/n on input line 20.
LaTeX Font Info:    ... okay on input line 20.
LaTeX Font Info:    Checking defaults for T1/cmr/m/n on input line 20.
LaTeX Font Info:    ... okay on input line 20.
LaTeX Font Info:    Checking defaults for TS1/cmr/m/n on input line 20.
LaTeX Font Info:    ... okay on input line 20.
LaTeX Font Info:    Checking defaults for OMX/cmex/m/n on input line 20.
LaTeX Font Info:    ... okay on input line 20.
LaTeX Font Info:    Checking defaults for U/cmr/m/n on input line 20.
LaTeX Font Info:    ... okay on input line 20.

Package chemgreek Info: Activating mapping `default' on line 20.

 (/usr/local/texlive/2022/texmf-dist/tex/context/base/mkii/supp-pdf.mkii
[Loading MPS to PDF converter (version 2006.09.02).]
\scratchcounter=\count282
\scratchdimen=\dimen161
\scratchbox=\box55
\nofMPsegments=\count283
\nofMParguments=\count284
\everyMPshowfont=\toks26
\MPscratchCnt=\count285
\MPscratchDim=\dimen162
\MPnumerator=\count286
\makeMPintoPDFobject=\count287
\everyMPtoPDFconversion=\toks27
) (/usr/local/texlive/2022/texmf-dist/tex/latex/epstopdf-pkg/epstopdf-base.sty
Package: epstopdf-base 2020-01-24 v2.11 Base part for package epstopdf
Package epstopdf-base Info: Redefining graphics rule for `.eps' on input line 485.
 (/usr/local/texlive/2022/texmf-dist/tex/latex/latexconfig/epstopdf-sys.cfg
File: epstopdf-sys.cfg 2010/07/13 v1.3 Configuration of (r)epstopdf for TeX Live
)) (/usr/local/texlive/2022/texmf-dist/tex/latex/pdflscape/pdflscape.sty
Package: pdflscape 2019/12/05 v0.12 Display of landscape pages in PDF (HO)
 (/usr/local/texlive/2022/texmf-dist/tex/generic/iftex/iftex.sty
Package: iftex 2022/02/03 v1.0f TeX engine tests
) (/usr/local/texlive/2022/texmf-dist/tex/latex/graphics/lscape.sty
Package: lscape 2020/05/28 v3.02 Landscape Pages (DPC)
)
Package pdflscape Info: Auto-detected driver: pdftex on input line 81.
)
LaTeX Font Info:    Trying to load font information for U+msa on input line 21.
 (/usr/local/texlive/2022/texmf-dist/tex/latex/amsfonts/umsa.fd
File: umsa.fd 2013/01/14 v3.01 AMS symbols A
)
LaTeX Font Info:    Trying to load font information for U+msb on input line 21.
 (/usr/local/texlive/2022/texmf-dist/tex/latex/amsfonts/umsb.fd
File: umsb.fd 2013/01/14 v3.01 AMS symbols B
)
LaTeX Font Info:    Trying to load font information for U+stmry on input line 21.
 (/usr/local/texlive/2022/texmf-dist/tex/latex/stmaryrd/Ustmry.fd)
Underfull \hbox (badness 10000) in paragraph at lines 27--28

 []


Overfull \hbox (36.1496pt too wide) in paragraph at lines 31--32
\T1/cmr/m/n/10 2. Least-squares fit-ting by el-lipses. Sup-pose we have $\OML/cmm/m/it/10 m$ \T1/cmr/m/n/10 data points $[] \OML/cmm/m/it/10 ; [] ; []$
 []


Underfull \hbox (badness 10000) in paragraph at lines 37--38

 []

[1

{/usr/local/texlive/2022/texmf-var/fonts/map/pdftex/updmap/pdftex.map}]
Underfull \hbox (badness 10000) in paragraph at lines 39--40

 []

LaTeX Font Info:    Trying to load font information for T1+cmtt on input line 73.
(/usr/local/texlive/2022/texmf-dist/tex/latex/base/t1cmtt.fd
File: t1cmtt.fd 2019/12/16 v2.5j Standard LaTeX font definitions
)
Overfull \hbox (484.29749pt too wide) in paragraph at lines 81--81
[]    \T1/cmtt/m/n/10 $\mathrm{x}=[\mathrm{x} ; \mathrm{xx}] ; \mathrm{y}=[\mathrm{y} ; \mathrm{yy}] ; \mathrm{plot}\left(\mathrm{xx}, \mathrm{yy}, \mathrm{xb}^{\prime}\right)$[] 
 []


Overfull \hbox (9.75676pt too wide) in paragraph at lines 83--85
\T1/cmr/m/n/10 Solve this prob-lem nu-mer-i-cally with the bound-ary data $\OML/cmm/m/it/10 f\OT1/cmr/m/n/10 (\OML/cmm/m/it/10 x; y\OT1/cmr/m/n/10 ) = []$
 []

[2]
<hw2_jupyter.pdf, id=23, 614.295pt x 794.97pt>
File: hw2_jupyter.pdf Graphic file (type pdf)
<use hw2_jupyter.pdf>
Package pdftex.def Info: hw2_jupyter.pdf  used on input line 94.
(pdftex.def)             Requested size: 614.29349pt x 794.96806pt.
File: hw2_jupyter.pdf Graphic file (type pdf)
<use hw2_jupyter.pdf>
Package pdftex.def Info: hw2_jupyter.pdf  used on input line 94.
(pdftex.def)             Requested size: 614.29349pt x 794.96806pt.
<hw2_jupyter.pdf, id=26, page=1, 614.295pt x 794.97pt>
File: hw2_jupyter.pdf Graphic file (type pdf)
<use hw2_jupyter.pdf, page 1>
Package pdftex.def Info: hw2_jupyter.pdf , page1 used on input line 94.
(pdftex.def)             Requested size: 614.29349pt x 794.96806pt.
File: hw2_jupyter.pdf Graphic file (type pdf)
<use hw2_jupyter.pdf, page 1>
Package pdftex.def Info: hw2_jupyter.pdf , page1 used on input line 94.
(pdftex.def)             Requested size: 614.58406pt x 795.3441pt.
 [3]
File: hw2_jupyter.pdf Graphic file (type pdf)
<use hw2_jupyter.pdf, page 1>
Package pdftex.def Info: hw2_jupyter.pdf , page1 used on input line 94.
(pdftex.def)             Requested size: 614.58406pt x 795.3441pt.
File: hw2_jupyter.pdf Graphic file (type pdf)
<use hw2_jupyter.pdf, page 1>
Package pdftex.def Info: hw2_jupyter.pdf , page1 used on input line 94.
(pdftex.def)             Requested size: 614.58406pt x 795.3441pt.
File: hw2_jupyter.pdf Graphic file (type pdf)
<use hw2_jupyter.pdf, page 1>
Package pdftex.def Info: hw2_jupyter.pdf , page1 used on input line 94.
(pdftex.def)             Requested size: 614.58406pt x 795.3441pt.
 [4 <./hw2_jupyter.pdf>]
<hw2_jupyter.pdf, id=83, page=2, 614.295pt x 794.97pt>
File: hw2_jupyter.pdf Graphic file (type pdf)
<use hw2_jupyter.pdf, page 2>
Package pdftex.def Info: hw2_jupyter.pdf , page2 used on input line 94.
(pdftex.def)             Requested size: 614.58406pt x 795.3441pt.
File: hw2_jupyter.pdf Graphic file (type pdf)
<use hw2_jupyter.pdf, page 2>
Package pdftex.def Info: hw2_jupyter.pdf , page2 used on input line 94.
(pdftex.def)             Requested size: 614.58406pt x 795.3441pt.
File: hw2_jupyter.pdf Graphic file (type pdf)
<use hw2_jupyter.pdf, page 2>
Package pdftex.def Info: hw2_jupyter.pdf , page2 used on input line 94.
(pdftex.def)             Requested size: 614.58406pt x 795.3441pt.
 [5 <./hw2_jupyter.pdf>]
<hw2_jupyter.pdf, id=87, page=3, 614.295pt x 794.97pt>
File: hw2_jupyter.pdf Graphic file (type pdf)
<use hw2_jupyter.pdf, page 3>
Package pdftex.def Info: hw2_jupyter.pdf , page3 used on input line 94.
(pdftex.def)             Requested size: 614.58406pt x 795.3441pt.
File: hw2_jupyter.pdf Graphic file (type pdf)
<use hw2_jupyter.pdf, page 3>
Package pdftex.def Info: hw2_jupyter.pdf , page3 used on input line 94.
(pdftex.def)             Requested size: 614.58406pt x 795.3441pt.
File: hw2_jupyter.pdf Graphic file (type pdf)
<use hw2_jupyter.pdf, page 3>
Package pdftex.def Info: hw2_jupyter.pdf , page3 used on input line 94.
(pdftex.def)             Requested size: 614.58406pt x 795.3441pt.
 [6 <./hw2_jupyter.pdf>]
<hw2_jupyter.pdf, id=93, page=4, 614.295pt x 794.97pt>
File: hw2_jupyter.pdf Graphic file (type pdf)
<use hw2_jupyter.pdf, page 4>
Package pdftex.def Info: hw2_jupyter.pdf , page4 used on input line 94.
(pdftex.def)             Requested size: 614.58406pt x 795.3441pt.
File: hw2_jupyter.pdf Graphic file (type pdf)
<use hw2_jupyter.pdf, page 4>
Package pdftex.def Info: hw2_jupyter.pdf , page4 used on input line 94.
(pdftex.def)             Requested size: 614.58406pt x 795.3441pt.
File: hw2_jupyter.pdf Graphic file (type pdf)
<use hw2_jupyter.pdf, page 4>
Package pdftex.def Info: hw2_jupyter.pdf , page4 used on input line 94.
(pdftex.def)             Requested size: 614.58406pt x 795.3441pt.
 [7 <./hw2_jupyter.pdf>]
<hw2_jupyter.pdf, id=100, page=5, 614.295pt x 794.97pt>
File: hw2_jupyter.pdf Graphic file (type pdf)
<use hw2_jupyter.pdf, page 5>
Package pdftex.def Info: hw2_jupyter.pdf , page5 used on input line 94.
(pdftex.def)             Requested size: 614.58406pt x 795.3441pt.
File: hw2_jupyter.pdf Graphic file (type pdf)
<use hw2_jupyter.pdf, page 5>
Package pdftex.def Info: hw2_jupyter.pdf , page5 used on input line 94.
(pdftex.def)             Requested size: 614.58406pt x 795.3441pt.
File: hw2_jupyter.pdf Graphic file (type pdf)
<use hw2_jupyter.pdf, page 5>
Package pdftex.def Info: hw2_jupyter.pdf , page5 used on input line 94.
(pdftex.def)             Requested size: 614.58406pt x 795.3441pt.
 [8 <./hw2_jupyter.pdf>]
<hw2_jupyter.pdf, id=106, page=6, 614.295pt x 794.97pt>
File: hw2_jupyter.pdf Graphic file (type pdf)
<use hw2_jupyter.pdf, page 6>
Package pdftex.def Info: hw2_jupyter.pdf , page6 used on input line 94.
(pdftex.def)             Requested size: 614.58406pt x 795.3441pt.
File: hw2_jupyter.pdf Graphic file (type pdf)
<use hw2_jupyter.pdf, page 6>
Package pdftex.def Info: hw2_jupyter.pdf , page6 used on input line 94.
(pdftex.def)             Requested size: 614.58406pt x 795.3441pt.
File: hw2_jupyter.pdf Graphic file (type pdf)
<use hw2_jupyter.pdf, page 6>
Package pdftex.def Info: hw2_jupyter.pdf , page6 used on input line 94.
(pdftex.def)             Requested size: 614.58406pt x 795.3441pt.
 [9 <./hw2_jupyter.pdf>]
<hw2_jupyter.pdf, id=112, page=7, 614.295pt x 794.97pt>
File: hw2_jupyter.pdf Graphic file (type pdf)
<use hw2_jupyter.pdf, page 7>
Package pdftex.def Info: hw2_jupyter.pdf , page7 used on input line 94.
(pdftex.def)             Requested size: 614.58406pt x 795.3441pt.
File: hw2_jupyter.pdf Graphic file (type pdf)
<use hw2_jupyter.pdf, page 7>
Package pdftex.def Info: hw2_jupyter.pdf , page7 used on input line 94.
(pdftex.def)             Requested size: 614.58406pt x 795.3441pt.
File: hw2_jupyter.pdf Graphic file (type pdf)
<use hw2_jupyter.pdf, page 7>
Package pdftex.def Info: hw2_jupyter.pdf , page7 used on input line 94.
(pdftex.def)             Requested size: 614.58406pt x 795.3441pt.
 [10 <./hw2_jupyter.pdf>]
<hw2_jupyter.pdf, id=116, page=8, 614.295pt x 794.97pt>
File: hw2_jupyter.pdf Graphic file (type pdf)
<use hw2_jupyter.pdf, page 8>
Package pdftex.def Info: hw2_jupyter.pdf , page8 used on input line 94.
(pdftex.def)             Requested size: 614.58406pt x 795.3441pt.
File: hw2_jupyter.pdf Graphic file (type pdf)
<use hw2_jupyter.pdf, page 8>
Package pdftex.def Info: hw2_jupyter.pdf , page8 used on input line 94.
(pdftex.def)             Requested size: 614.58406pt x 795.3441pt.
File: hw2_jupyter.pdf Graphic file (type pdf)
<use hw2_jupyter.pdf, page 8>
Package pdftex.def Info: hw2_jupyter.pdf , page8 used on input line 94.
(pdftex.def)             Requested size: 614.58406pt x 795.3441pt.
 [11 <./hw2_jupyter.pdf>]
<hw2_jupyter.pdf, id=122, page=9, 614.295pt x 794.97pt>
File: hw2_jupyter.pdf Graphic file (type pdf)
<use hw2_jupyter.pdf, page 9>
Package pdftex.def Info: hw2_jupyter.pdf , page9 used on input line 94.
(pdftex.def)             Requested size: 614.58406pt x 795.3441pt.
File: hw2_jupyter.pdf Graphic file (type pdf)
<use hw2_jupyter.pdf, page 9>
Package pdftex.def Info: hw2_jupyter.pdf , page9 used on input line 94.
(pdftex.def)             Requested size: 614.58406pt x 795.3441pt.
File: hw2_jupyter.pdf Graphic file (type pdf)
<use hw2_jupyter.pdf, page 9>
Package pdftex.def Info: hw2_jupyter.pdf , page9 used on input line 94.
(pdftex.def)             Requested size: 614.58406pt x 795.3441pt.
 [12 <./hw2_jupyter.pdf>]
<hw2_jupyter.pdf, id=126, page=10, 614.295pt x 794.97pt>
File: hw2_jupyter.pdf Graphic file (type pdf)
<use hw2_jupyter.pdf, page 10>
Package pdftex.def Info: hw2_jupyter.pdf , page10 used on input line 94.
(pdftex.def)             Requested size: 614.58406pt x 795.3441pt.
File: hw2_jupyter.pdf Graphic file (type pdf)
<use hw2_jupyter.pdf, page 10>
Package pdftex.def Info: hw2_jupyter.pdf , page10 used on input line 94.
(pdftex.def)             Requested size: 614.58406pt x 795.3441pt.
File: hw2_jupyter.pdf Graphic file (type pdf)
<use hw2_jupyter.pdf, page 10>
Package pdftex.def Info: hw2_jupyter.pdf , page10 used on input line 94.
(pdftex.def)             Requested size: 614.58406pt x 795.3441pt.
 [13 <./hw2_jupyter.pdf>] (./hw2.aux) ) 
Here is how much of TeX's memory you used:
 5531 strings out of 478268
 90753 string characters out of 5846347
 398903 words of memory out of 5000000
 23654 multiletter control sequences out of 15000+600000
 483216 words of font info for 69 fonts, out of 8000000 for 9000
 1141 hyphenation exceptions out of 8191
 61i,17n,75p,530b,427s stack positions out of 10000i,1000n,20000p,200000b,200000s
{/usr/local/texlive/2022/texmf-dist/fonts/enc/dvips/cm-super/cm-super-t1.enc}</usr/local/texlive/2022/texmf-dist/fonts/type1/public/amsfonts/cm/cmex10.pfb></usr/local/texlive/2022/texmf-dist/fonts/type1/public/amsfonts/cm/cmmi10.pfb></usr/local/texlive/2022/texmf-dist/fonts/type1/public/amsfonts/cm/cmmi7.pfb></usr/local/texlive/2022/texmf-dist/fonts/type1/public/amsfonts/cm/cmr10.pfb></usr/local/texlive/2022/texmf-dist/fonts/type1/public/amsfonts/cm/cmr7.pfb></usr/local/texlive/2022/texmf-dist/fonts/type1/public/amsfonts/cm/cmsy10.pfb></usr/local/texlive/2022/texmf-dist/fonts/type1/public/cm-super/sfbx1000.pfb></usr/local/texlive/2022/texmf-dist/fonts/type1/public/cm-super/sfbx1200.pfb></usr/local/texlive/2022/texmf-dist/fonts/type1/public/cm-super/sfbx1440.pfb></usr/local/texlive/2022/texmf-dist/fonts/type1/public/cm-super/sfrm1000.pfb></usr/local/texlive/2022/texmf-dist/fonts/type1/public/cm-super/sfrm1200.pfb></usr/local/texlive/2022/texmf-dist/fonts/type1/public/cm-super/sfrm1728.pfb></usr/local/texlive/2022/texmf-dist/fonts/type1/public/cm-super/sfti1000.pfb></usr/local/texlive/2022/texmf-dist/fonts/type1/public/cm-super/sftt1000.pfb>
Output written on hw2.pdf (13 pages, 1341875 bytes).
PDF statistics:
 192 PDF objects out of 1000 (max. 8388607)
 103 compressed objects within 2 object streams
 0 named destinations out of 1000 (max. 500000)
 66 words of extra memory for PDF output out of 10000 (max. 10000000)

